2020-07-27 11:49:15,114 INFO org.springframework.boot.StartupInfoLogger [main] Starting NetflixfinderApplication on MacBook-Pro-van-Sergio.local with PID 38541 (/Users/sergiohellings/code/src/netflixfinder/target/classes started by sergiohellings in /Users/sergiohellings/code/src/netflixfinder)
2020-07-27 11:49:15,127 DEBUG org.springframework.boot.StartupInfoLogger [main] Running with Spring Boot v2.3.1.RELEASE, Spring v5.2.7.RELEASE
2020-07-27 11:49:15,128 INFO org.springframework.boot.SpringApplication [main] No active profile set, falling back to default profiles: default
2020-07-27 11:49:17,168 INFO org.springframework.data.repository.config.RepositoryConfigurationDelegate [main] Bootstrapping Spring Data JPA repositories in DEFERRED mode.
2020-07-27 11:49:17,337 INFO org.springframework.data.repository.config.RepositoryConfigurationDelegate [main] Finished Spring Data repository scanning in 146ms. Found 1 JPA repository interfaces.
2020-07-27 11:49:19,020 INFO org.springframework.boot.web.embedded.tomcat.TomcatWebServer [main] Tomcat initialized with port(s): 8080 (http)
2020-07-27 11:49:19,049 INFO org.apache.juli.logging.DirectJDKLog [main] Initializing ProtocolHandler ["http-nio-8080"]
2020-07-27 11:49:19,051 INFO org.apache.juli.logging.DirectJDKLog [main] Starting service [Tomcat]
2020-07-27 11:49:19,051 INFO org.apache.juli.logging.DirectJDKLog [main] Starting Servlet engine: [Apache Tomcat/9.0.36]
2020-07-27 11:49:19,319 INFO org.apache.juli.logging.DirectJDKLog [main] Initializing Spring embedded WebApplicationContext
2020-07-27 11:49:19,319 INFO org.springframework.boot.web.servlet.context.ServletWebServerApplicationContext [main] Root WebApplicationContext: initialization completed in 4030 ms
2020-07-27 11:49:19,462 INFO com.zaxxer.hikari.HikariDataSource [main] HikariPool-1 - Starting...
2020-07-27 11:49:20,117 INFO com.zaxxer.hikari.HikariDataSource [main] HikariPool-1 - Start completed.
2020-07-27 11:49:20,290 INFO org.springframework.boot.autoconfigure.h2.H2ConsoleAutoConfiguration [main] H2 console available at '/h2-console'. Database available at 'jdbc:h2:file:~/movies'
2020-07-27 11:49:20,689 INFO org.springframework.scheduling.concurrent.ExecutorConfigurationSupport [main] Initializing ExecutorService 'applicationTaskExecutor'
2020-07-27 11:49:20,815 INFO org.hibernate.jpa.internal.util.LogHelper [task-1] HHH000204: Processing PersistenceUnitInfo [name: default]
2020-07-27 11:49:20,982 INFO org.hibernate.Version [task-1] HHH000412: Hibernate ORM core version 5.4.17.Final
2020-07-27 11:49:21,466 WARN org.springframework.boot.autoconfigure.orm.jpa.JpaBaseConfiguration$JpaWebConfiguration [main] spring.jpa.open-in-view is enabled by default. Therefore, database queries may be performed during view rendering. Explicitly configure spring.jpa.open-in-view to disable this warning
2020-07-27 11:49:21,650 INFO org.hibernate.annotations.common.reflection.java.JavaReflectionManager [task-1] HCANN000001: Hibernate Commons Annotations {5.1.0.Final}
2020-07-27 11:49:22,153 INFO org.hibernate.dialect.Dialect [task-1] HHH000400: Using dialect: org.hibernate.dialect.H2Dialect
2020-07-27 11:49:22,737 INFO org.apache.juli.logging.DirectJDKLog [main] Starting ProtocolHandler ["http-nio-8080"]
2020-07-27 11:49:22,801 INFO org.springframework.boot.web.embedded.tomcat.TomcatWebServer [main] Tomcat started on port(s): 8080 (http) with context path ''
2020-07-27 11:49:22,804 INFO org.springframework.data.repository.config.DeferredRepositoryInitializationListener [main] Triggering deferred initialization of Spring Data repositories…
2020-07-27 11:49:23,732 INFO org.hibernate.tuple.PojoInstantiator [task-1] HHH000182: No default (no-argument) constructor for class: com.sidrhelli.netflixfinder.dto.Country (class must be instantiated by Interceptor)
2020-07-27 11:49:24,004 INFO org.hibernate.engine.transaction.jta.platform.internal.JtaPlatformInitiator [task-1] HHH000490: Using JtaPlatform implementation: [org.hibernate.engine.transaction.jta.platform.internal.NoJtaPlatform]
2020-07-27 11:49:24,016 INFO org.springframework.orm.jpa.AbstractEntityManagerFactoryBean [task-1] Initialized JPA EntityManagerFactory for persistence unit 'default'
2020-07-27 11:49:24,340 INFO org.springframework.data.repository.config.DeferredRepositoryInitializationListener [main] Spring Data repositories initialized!
2020-07-27 11:49:24,353 INFO org.springframework.boot.StartupInfoLogger [main] Started NetflixfinderApplication in 11.035 seconds (JVM running for 12.533)
