2020-07-18 15:33:20,750 INFO org.springframework.boot.StartupInfoLogger [main] Starting NetflixfinderApplication on MacBook-Pro-van-Sergio.local with PID 44112 (/Users/sergiohellings/code/src/netflixfinder/target/classes started by sergiohellings in /Users/sergiohellings/code/src/netflixfinder)
2020-07-18 15:33:20,755 DEBUG org.springframework.boot.StartupInfoLogger [main] Running with Spring Boot v2.3.1.RELEASE, Spring v5.2.7.RELEASE
2020-07-18 15:33:20,755 INFO org.springframework.boot.SpringApplication [main] No active profile set, falling back to default profiles: default
2020-07-18 15:33:22,491 INFO org.springframework.boot.web.embedded.tomcat.TomcatWebServer [main] Tomcat initialized with port(s): 8080 (http)
2020-07-18 15:33:22,514 INFO org.apache.juli.logging.DirectJDKLog [main] Initializing ProtocolHandler ["http-nio-8080"]
2020-07-18 15:33:22,516 INFO org.apache.juli.logging.DirectJDKLog [main] Starting service [Tomcat]
2020-07-18 15:33:22,517 INFO org.apache.juli.logging.DirectJDKLog [main] Starting Servlet engine: [Apache Tomcat/9.0.36]
2020-07-18 15:33:22,670 INFO org.apache.juli.logging.DirectJDKLog [main] Initializing Spring embedded WebApplicationContext
2020-07-18 15:33:22,670 INFO org.springframework.boot.web.servlet.context.ServletWebServerApplicationContext [main] Root WebApplicationContext: initialization completed in 1761 ms
2020-07-18 15:33:22,779 WARN org.springframework.context.support.AbstractApplicationContext [main] Exception encountered during context initialization - cancelling refresh attempt: org.springframework.beans.factory.UnsatisfiedDependencyException: Error creating bean with name 'indexController': Unsatisfied dependency expressed through field 'apiAdapter'; nested exception is org.springframework.beans.factory.NoSuchBeanDefinitionException: No qualifying bean of type 'com.sidrhelli.netflixfinder.services.ApiAdapter' available: expected at least 1 bean which qualifies as autowire candidate. Dependency annotations: {@org.springframework.beans.factory.annotation.Autowired(required=true)}
2020-07-18 15:33:22,799 INFO org.apache.juli.logging.DirectJDKLog [main] Stopping service [Tomcat]
2020-07-18 15:33:22,821 INFO org.springframework.boot.autoconfigure.logging.ConditionEvaluationReportLoggingListener [main] 

Error starting ApplicationContext. To display the conditions report re-run your application with 'debug' enabled.
2020-07-18 15:33:23,033 ERROR org.springframework.boot.diagnostics.LoggingFailureAnalysisReporter [main] 

***************************
APPLICATION FAILED TO START
***************************

Description:

Field apiAdapter in com.sidrhelli.netflixfinder.controllers.models.IndexController required a bean of type 'com.sidrhelli.netflixfinder.services.ApiAdapter' that could not be found.

The injection point has the following annotations:
	- @org.springframework.beans.factory.annotation.Autowired(required=true)


Action:

Consider defining a bean of type 'com.sidrhelli.netflixfinder.services.ApiAdapter' in your configuration.

2020-07-18 15:33:53,649 INFO org.springframework.boot.StartupInfoLogger [main] Starting NetflixfinderApplication on MacBook-Pro-van-Sergio.local with PID 44114 (/Users/sergiohellings/code/src/netflixfinder/target/classes started by sergiohellings in /Users/sergiohellings/code/src/netflixfinder)
2020-07-18 15:33:53,656 DEBUG org.springframework.boot.StartupInfoLogger [main] Running with Spring Boot v2.3.1.RELEASE, Spring v5.2.7.RELEASE
2020-07-18 15:33:53,657 INFO org.springframework.boot.SpringApplication [main] No active profile set, falling back to default profiles: default
2020-07-18 15:33:55,235 INFO org.springframework.boot.web.embedded.tomcat.TomcatWebServer [main] Tomcat initialized with port(s): 8080 (http)
2020-07-18 15:33:55,251 INFO org.apache.juli.logging.DirectJDKLog [main] Initializing ProtocolHandler ["http-nio-8080"]
2020-07-18 15:33:55,252 INFO org.apache.juli.logging.DirectJDKLog [main] Starting service [Tomcat]
2020-07-18 15:33:55,252 INFO org.apache.juli.logging.DirectJDKLog [main] Starting Servlet engine: [Apache Tomcat/9.0.36]
2020-07-18 15:33:55,376 INFO org.apache.juli.logging.DirectJDKLog [main] Initializing Spring embedded WebApplicationContext
2020-07-18 15:33:55,377 INFO org.springframework.boot.web.servlet.context.ServletWebServerApplicationContext [main] Root WebApplicationContext: initialization completed in 1595 ms
2020-07-18 15:33:55,921 INFO org.springframework.scheduling.concurrent.ExecutorConfigurationSupport [main] Initializing ExecutorService 'applicationTaskExecutor'
2020-07-18 15:33:56,239 WARN org.springframework.boot.autoconfigure.thymeleaf.ThymeleafAutoConfiguration$DefaultTemplateResolverConfiguration [main] Cannot find template location: classpath:/templates/ (please add some templates or check your Thymeleaf configuration)
2020-07-18 15:33:56,365 INFO org.apache.juli.logging.DirectJDKLog [main] Starting ProtocolHandler ["http-nio-8080"]
2020-07-18 15:33:56,426 INFO org.springframework.boot.web.embedded.tomcat.TomcatWebServer [main] Tomcat started on port(s): 8080 (http) with context path ''
2020-07-18 15:33:56,453 INFO org.springframework.boot.StartupInfoLogger [main] Started NetflixfinderApplication in 3.792 seconds (JVM running for 4.462)
2020-07-18 15:34:17,207 INFO org.apache.juli.logging.DirectJDKLog [http-nio-8080-exec-1] Initializing Spring DispatcherServlet 'dispatcherServlet'
2020-07-18 15:34:17,208 INFO org.springframework.web.servlet.FrameworkServlet [http-nio-8080-exec-1] Initializing Servlet 'dispatcherServlet'
2020-07-18 15:34:17,225 INFO org.springframework.web.servlet.FrameworkServlet [http-nio-8080-exec-1] Completed initialization in 14 ms
2020-07-18 15:34:17,315 WARN org.springframework.web.servlet.handler.AbstractHandlerExceptionResolver [http-nio-8080-exec-1] Resolved [org.springframework.web.bind.MissingServletRequestParameterException: Required Country parameter 'country' is not present]
2020-07-18 15:38:07,640 INFO org.springframework.scheduling.concurrent.ExecutorConfigurationSupport [SpringContextShutdownHook] Shutting down ExecutorService 'applicationTaskExecutor'
2020-07-18 15:38:10,869 INFO org.springframework.boot.StartupInfoLogger [main] Starting NetflixfinderApplication on MacBook-Pro-van-Sergio.local with PID 44135 (/Users/sergiohellings/code/src/netflixfinder/target/classes started by sergiohellings in /Users/sergiohellings/code/src/netflixfinder)
2020-07-18 15:38:10,873 DEBUG org.springframework.boot.StartupInfoLogger [main] Running with Spring Boot v2.3.1.RELEASE, Spring v5.2.7.RELEASE
2020-07-18 15:38:10,874 INFO org.springframework.boot.SpringApplication [main] No active profile set, falling back to default profiles: default
2020-07-18 15:38:12,444 INFO org.springframework.boot.web.embedded.tomcat.TomcatWebServer [main] Tomcat initialized with port(s): 8080 (http)
2020-07-18 15:38:12,457 INFO org.apache.juli.logging.DirectJDKLog [main] Initializing ProtocolHandler ["http-nio-8080"]
2020-07-18 15:38:12,458 INFO org.apache.juli.logging.DirectJDKLog [main] Starting service [Tomcat]
2020-07-18 15:38:12,459 INFO org.apache.juli.logging.DirectJDKLog [main] Starting Servlet engine: [Apache Tomcat/9.0.36]
2020-07-18 15:38:12,574 INFO org.apache.juli.logging.DirectJDKLog [main] Initializing Spring embedded WebApplicationContext
2020-07-18 15:38:12,574 INFO org.springframework.boot.web.servlet.context.ServletWebServerApplicationContext [main] Root WebApplicationContext: initialization completed in 1603 ms
2020-07-18 15:38:13,724 INFO org.springframework.scheduling.concurrent.ExecutorConfigurationSupport [main] Initializing ExecutorService 'applicationTaskExecutor'
2020-07-18 15:38:14,463 WARN org.springframework.boot.autoconfigure.thymeleaf.ThymeleafAutoConfiguration$DefaultTemplateResolverConfiguration [main] Cannot find template location: classpath:/templates/ (please add some templates or check your Thymeleaf configuration)
2020-07-18 15:38:14,667 INFO org.apache.juli.logging.DirectJDKLog [main] Starting ProtocolHandler ["http-nio-8080"]
2020-07-18 15:38:14,772 INFO org.springframework.boot.web.embedded.tomcat.TomcatWebServer [main] Tomcat started on port(s): 8080 (http) with context path ''
2020-07-18 15:38:14,793 INFO org.springframework.boot.StartupInfoLogger [main] Started NetflixfinderApplication in 4.81 seconds (JVM running for 5.365)
2020-07-18 15:38:19,441 INFO org.apache.juli.logging.DirectJDKLog [http-nio-8080-exec-1] Initializing Spring DispatcherServlet 'dispatcherServlet'
2020-07-18 15:38:19,442 INFO org.springframework.web.servlet.FrameworkServlet [http-nio-8080-exec-1] Initializing Servlet 'dispatcherServlet'
2020-07-18 15:38:19,454 INFO org.springframework.web.servlet.FrameworkServlet [http-nio-8080-exec-1] Completed initialization in 11 ms
2020-07-18 15:38:19,603 WARN org.springframework.web.servlet.handler.AbstractHandlerExceptionResolver [http-nio-8080-exec-1] Resolved [org.springframework.web.bind.MissingServletRequestParameterException: Required Country parameter 'country' is not present]
2020-07-18 15:38:53,193 INFO com.sidrhelli.netflixfinder.services.AbstractApiAdapter [http-nio-8080-exec-2] Making reqq=uest with URL: https://unogs-unogs-v1.p.rapidapi.com/aaapi.cgi?
2020-07-18 15:39:57,029 INFO org.springframework.scheduling.concurrent.ExecutorConfigurationSupport [SpringContextShutdownHook] Shutting down ExecutorService 'applicationTaskExecutor'
2020-07-18 15:41:08,782 INFO org.springframework.boot.StartupInfoLogger [main] Starting NetflixfinderApplication on MacBook-Pro-van-Sergio.local with PID 44143 (/Users/sergiohellings/code/src/netflixfinder/target/classes started by sergiohellings in /Users/sergiohellings/code/src/netflixfinder)
2020-07-18 15:41:08,786 DEBUG org.springframework.boot.StartupInfoLogger [main] Running with Spring Boot v2.3.1.RELEASE, Spring v5.2.7.RELEASE
2020-07-18 15:41:08,787 INFO org.springframework.boot.SpringApplication [main] No active profile set, falling back to default profiles: default
2020-07-18 15:41:10,143 INFO org.springframework.boot.web.embedded.tomcat.TomcatWebServer [main] Tomcat initialized with port(s): 8080 (http)
2020-07-18 15:41:10,155 INFO org.apache.juli.logging.DirectJDKLog [main] Initializing ProtocolHandler ["http-nio-8080"]
2020-07-18 15:41:10,160 INFO org.apache.juli.logging.DirectJDKLog [main] Starting service [Tomcat]
2020-07-18 15:41:10,160 INFO org.apache.juli.logging.DirectJDKLog [main] Starting Servlet engine: [Apache Tomcat/9.0.36]
2020-07-18 15:41:10,267 INFO org.apache.juli.logging.DirectJDKLog [main] Initializing Spring embedded WebApplicationContext
2020-07-18 15:41:10,268 INFO org.springframework.boot.web.servlet.context.ServletWebServerApplicationContext [main] Root WebApplicationContext: initialization completed in 1388 ms
2020-07-18 15:41:10,805 INFO org.springframework.scheduling.concurrent.ExecutorConfigurationSupport [main] Initializing ExecutorService 'applicationTaskExecutor'
2020-07-18 15:41:11,035 WARN org.springframework.boot.autoconfigure.thymeleaf.ThymeleafAutoConfiguration$DefaultTemplateResolverConfiguration [main] Cannot find template location: classpath:/templates/ (please add some templates or check your Thymeleaf configuration)
2020-07-18 15:41:11,089 INFO org.apache.juli.logging.DirectJDKLog [main] Starting ProtocolHandler ["http-nio-8080"]
2020-07-18 15:41:11,158 INFO org.springframework.boot.web.embedded.tomcat.TomcatWebServer [main] Tomcat started on port(s): 8080 (http) with context path ''
2020-07-18 15:41:11,177 INFO org.springframework.boot.StartupInfoLogger [main] Started NetflixfinderApplication in 3.174 seconds (JVM running for 3.832)
2020-07-18 15:41:13,516 INFO org.apache.juli.logging.DirectJDKLog [http-nio-8080-exec-1] Initializing Spring DispatcherServlet 'dispatcherServlet'
2020-07-18 15:41:13,517 INFO org.springframework.web.servlet.FrameworkServlet [http-nio-8080-exec-1] Initializing Servlet 'dispatcherServlet'
2020-07-18 15:41:13,527 INFO org.springframework.web.servlet.FrameworkServlet [http-nio-8080-exec-1] Completed initialization in 9 ms
2020-07-18 15:41:13,668 INFO com.sidrhelli.netflixfinder.services.AbstractApiAdapter [http-nio-8080-exec-1] Making request with URL: https://unogs-unogs-v1.p.rapidapi.com/aaapi.cgi?q=get%3Anew7%3Anl&p=1&t=ns&st=adv
2020-07-18 16:03:23,467 INFO org.springframework.boot.StartupInfoLogger [main] Starting NetflixfinderApplication on MacBook-Pro-van-Sergio.local with PID 44532 (/Users/sergiohellings/code/src/netflixfinder/target/classes started by sergiohellings in /Users/sergiohellings/code/src/netflixfinder)
2020-07-18 16:03:23,478 DEBUG org.springframework.boot.StartupInfoLogger [main] Running with Spring Boot v2.3.1.RELEASE, Spring v5.2.7.RELEASE
2020-07-18 16:03:23,480 INFO org.springframework.boot.SpringApplication [main] No active profile set, falling back to default profiles: default
2020-07-18 16:03:26,598 INFO org.springframework.boot.web.embedded.tomcat.TomcatWebServer [main] Tomcat initialized with port(s): 8080 (http)
2020-07-18 16:03:26,615 INFO org.apache.juli.logging.DirectJDKLog [main] Initializing ProtocolHandler ["http-nio-8080"]
2020-07-18 16:03:26,616 INFO org.apache.juli.logging.DirectJDKLog [main] Starting service [Tomcat]
2020-07-18 16:03:26,617 INFO org.apache.juli.logging.DirectJDKLog [main] Starting Servlet engine: [Apache Tomcat/9.0.36]
2020-07-18 16:03:26,737 INFO org.apache.juli.logging.DirectJDKLog [main] Initializing Spring embedded WebApplicationContext
2020-07-18 16:03:26,738 INFO org.springframework.boot.web.servlet.context.ServletWebServerApplicationContext [main] Root WebApplicationContext: initialization completed in 2900 ms
2020-07-18 16:03:27,507 INFO org.springframework.scheduling.concurrent.ExecutorConfigurationSupport [main] Initializing ExecutorService 'applicationTaskExecutor'
2020-07-18 16:03:27,806 INFO org.apache.juli.logging.DirectJDKLog [main] Starting ProtocolHandler ["http-nio-8080"]
2020-07-18 16:03:27,827 WARN org.springframework.context.support.AbstractApplicationContext [main] Exception encountered during context initialization - cancelling refresh attempt: org.springframework.context.ApplicationContextException: Failed to start bean 'webServerStartStop'; nested exception is org.springframework.boot.web.server.PortInUseException: Port 8080 is already in use
2020-07-18 16:03:27,828 INFO org.springframework.scheduling.concurrent.ExecutorConfigurationSupport [main] Shutting down ExecutorService 'applicationTaskExecutor'
2020-07-18 16:03:27,833 INFO org.apache.juli.logging.DirectJDKLog [main] Pausing ProtocolHandler ["http-nio-8080"]
2020-07-18 16:03:27,834 INFO org.apache.juli.logging.DirectJDKLog [main] Stopping service [Tomcat]
2020-07-18 16:03:27,842 INFO org.apache.juli.logging.DirectJDKLog [main] Stopping ProtocolHandler ["http-nio-8080"]
2020-07-18 16:03:27,843 INFO org.apache.juli.logging.DirectJDKLog [main] Destroying ProtocolHandler ["http-nio-8080"]
2020-07-18 16:03:27,858 INFO org.springframework.boot.autoconfigure.logging.ConditionEvaluationReportLoggingListener [main] 

Error starting ApplicationContext. To display the conditions report re-run your application with 'debug' enabled.
2020-07-18 16:03:27,861 ERROR org.springframework.boot.diagnostics.LoggingFailureAnalysisReporter [main] 

***************************
APPLICATION FAILED TO START
***************************

Description:

Web server failed to start. Port 8080 was already in use.

Action:

Identify and stop the process that's listening on port 8080 or configure this application to listen on another port.

2020-07-18 16:03:49,175 INFO org.springframework.scheduling.concurrent.ExecutorConfigurationSupport [SpringContextShutdownHook] Shutting down ExecutorService 'applicationTaskExecutor'
2020-07-18 16:03:55,377 INFO org.springframework.boot.StartupInfoLogger [main] Starting NetflixfinderApplication on MacBook-Pro-van-Sergio.local with PID 44533 (/Users/sergiohellings/code/src/netflixfinder/target/classes started by sergiohellings in /Users/sergiohellings/code/src/netflixfinder)
2020-07-18 16:03:55,380 DEBUG org.springframework.boot.StartupInfoLogger [main] Running with Spring Boot v2.3.1.RELEASE, Spring v5.2.7.RELEASE
2020-07-18 16:03:55,381 INFO org.springframework.boot.SpringApplication [main] No active profile set, falling back to default profiles: default
2020-07-18 16:03:56,759 INFO org.springframework.boot.web.embedded.tomcat.TomcatWebServer [main] Tomcat initialized with port(s): 8080 (http)
2020-07-18 16:03:56,772 INFO org.apache.juli.logging.DirectJDKLog [main] Initializing ProtocolHandler ["http-nio-8080"]
2020-07-18 16:03:56,773 INFO org.apache.juli.logging.DirectJDKLog [main] Starting service [Tomcat]
2020-07-18 16:03:56,774 INFO org.apache.juli.logging.DirectJDKLog [main] Starting Servlet engine: [Apache Tomcat/9.0.36]
2020-07-18 16:03:56,901 INFO org.apache.juli.logging.DirectJDKLog [main] Initializing Spring embedded WebApplicationContext
2020-07-18 16:03:56,902 INFO org.springframework.boot.web.servlet.context.ServletWebServerApplicationContext [main] Root WebApplicationContext: initialization completed in 1439 ms
2020-07-18 16:03:57,453 INFO org.springframework.scheduling.concurrent.ExecutorConfigurationSupport [main] Initializing ExecutorService 'applicationTaskExecutor'
2020-07-18 16:03:57,737 INFO org.apache.juli.logging.DirectJDKLog [main] Starting ProtocolHandler ["http-nio-8080"]
2020-07-18 16:03:57,787 INFO org.springframework.boot.web.embedded.tomcat.TomcatWebServer [main] Tomcat started on port(s): 8080 (http) with context path ''
2020-07-18 16:03:57,823 INFO org.springframework.boot.StartupInfoLogger [main] Started NetflixfinderApplication in 3.2 seconds (JVM running for 3.853)
2020-07-18 16:04:16,124 INFO org.apache.juli.logging.DirectJDKLog [http-nio-8080-exec-1] Initializing Spring DispatcherServlet 'dispatcherServlet'
2020-07-18 16:04:16,125 INFO org.springframework.web.servlet.FrameworkServlet [http-nio-8080-exec-1] Initializing Servlet 'dispatcherServlet'
2020-07-18 16:04:16,138 INFO org.springframework.web.servlet.FrameworkServlet [http-nio-8080-exec-1] Completed initialization in 12 ms
2020-07-18 16:04:16,263 WARN org.springframework.web.servlet.handler.AbstractHandlerExceptionResolver [http-nio-8080-exec-1] Resolved [org.springframework.web.method.annotation.MethodArgumentTypeMismatchException: Failed to convert value of type 'java.lang.String' to required type 'com.sidrhelli.netflixfinder.services.ApiAdapterImpl$Country'; nested exception is org.springframework.core.convert.ConversionFailedException: Failed to convert from type [java.lang.String] to type [@org.springframework.web.bind.annotation.RequestParam com.sidrhelli.netflixfinder.services.ApiAdapterImpl$Country] for value 'NN'; nested exception is java.lang.IllegalArgumentException: No enum constant com.sidrhelli.netflixfinder.services.ApiAdapterImpl.Country.NN]
2020-07-18 16:04:25,702 WARN org.springframework.web.servlet.handler.AbstractHandlerExceptionResolver [http-nio-8080-exec-2] Resolved [org.springframework.web.method.annotation.MethodArgumentTypeMismatchException: Failed to convert value of type 'java.lang.String' to required type 'com.sidrhelli.netflixfinder.services.ApiAdapterImpl$Country'; nested exception is org.springframework.core.convert.ConversionFailedException: Failed to convert from type [java.lang.String] to type [@org.springframework.web.bind.annotation.RequestParam com.sidrhelli.netflixfinder.services.ApiAdapterImpl$Country] for value 'NEHTERLANDS'; nested exception is java.lang.IllegalArgumentException: No enum constant com.sidrhelli.netflixfinder.services.ApiAdapterImpl.Country.NEHTERLANDS]
2020-07-18 16:04:30,220 INFO com.sidrhelli.netflixfinder.services.AbstractApiAdapter [http-nio-8080-exec-3] Making request with URL: https://unogs-unogs-v1.p.rapidapi.com/aaapi.cgi?q=get%3Anew7%3Anl&p=1&t=ns&st=adv
2020-07-18 16:21:16,034 INFO org.springframework.scheduling.concurrent.ExecutorConfigurationSupport [SpringContextShutdownHook] Shutting down ExecutorService 'applicationTaskExecutor'
2020-07-18 16:21:20,828 INFO org.springframework.boot.StartupInfoLogger [main] Starting NetflixfinderApplication on MacBook-Pro-van-Sergio.local with PID 44575 (/Users/sergiohellings/code/src/netflixfinder/target/classes started by sergiohellings in /Users/sergiohellings/code/src/netflixfinder)
2020-07-18 16:21:20,832 DEBUG org.springframework.boot.StartupInfoLogger [main] Running with Spring Boot v2.3.1.RELEASE, Spring v5.2.7.RELEASE
2020-07-18 16:21:20,833 INFO org.springframework.boot.SpringApplication [main] No active profile set, falling back to default profiles: default
2020-07-18 16:21:22,937 INFO org.springframework.boot.web.embedded.tomcat.TomcatWebServer [main] Tomcat initialized with port(s): 8080 (http)
2020-07-18 16:21:22,950 INFO org.apache.juli.logging.DirectJDKLog [main] Initializing ProtocolHandler ["http-nio-8080"]
2020-07-18 16:21:22,951 INFO org.apache.juli.logging.DirectJDKLog [main] Starting service [Tomcat]
2020-07-18 16:21:22,952 INFO org.apache.juli.logging.DirectJDKLog [main] Starting Servlet engine: [Apache Tomcat/9.0.36]
2020-07-18 16:21:23,058 INFO org.apache.juli.logging.DirectJDKLog [main] Initializing Spring embedded WebApplicationContext
2020-07-18 16:21:23,060 INFO org.springframework.boot.web.servlet.context.ServletWebServerApplicationContext [main] Root WebApplicationContext: initialization completed in 2130 ms
2020-07-18 16:21:23,740 INFO org.springframework.scheduling.concurrent.ExecutorConfigurationSupport [main] Initializing ExecutorService 'applicationTaskExecutor'
2020-07-18 16:21:24,053 INFO org.apache.juli.logging.DirectJDKLog [main] Starting ProtocolHandler ["http-nio-8080"]
2020-07-18 16:21:24,091 INFO org.springframework.boot.web.embedded.tomcat.TomcatWebServer [main] Tomcat started on port(s): 8080 (http) with context path ''
2020-07-18 16:21:24,120 INFO org.springframework.boot.StartupInfoLogger [main] Started NetflixfinderApplication in 4.07 seconds (JVM running for 4.593)
2020-07-18 16:21:45,304 INFO org.apache.juli.logging.DirectJDKLog [http-nio-8080-exec-1] Initializing Spring DispatcherServlet 'dispatcherServlet'
2020-07-18 16:21:45,305 INFO org.springframework.web.servlet.FrameworkServlet [http-nio-8080-exec-1] Initializing Servlet 'dispatcherServlet'
2020-07-18 16:21:45,315 INFO org.springframework.web.servlet.FrameworkServlet [http-nio-8080-exec-1] Completed initialization in 9 ms
2020-07-18 16:21:45,520 INFO com.sidrhelli.netflixfinder.services.AbstractApiAdapter [http-nio-8080-exec-1] Making request with URL: https://unogs-unogs-v1.p.rapidapi.com/aaapi.cgi?t=lc&q=available
2020-07-18 17:09:21,992 INFO org.springframework.boot.StartupInfoLogger [main] Starting NetflixfinderApplication on MacBook-Pro-van-Sergio.local with PID 45007 (/Users/sergiohellings/code/src/netflixfinder/target/classes started by sergiohellings in /Users/sergiohellings/code/src/netflixfinder)
2020-07-18 17:09:21,997 DEBUG org.springframework.boot.StartupInfoLogger [main] Running with Spring Boot v2.3.1.RELEASE, Spring v5.2.7.RELEASE
2020-07-18 17:09:21,998 INFO org.springframework.boot.SpringApplication [main] No active profile set, falling back to default profiles: default
2020-07-18 17:09:23,364 INFO org.springframework.boot.web.embedded.tomcat.TomcatWebServer [main] Tomcat initialized with port(s): 8080 (http)
2020-07-18 17:09:23,379 INFO org.apache.juli.logging.DirectJDKLog [main] Initializing ProtocolHandler ["http-nio-8080"]
2020-07-18 17:09:23,380 INFO org.apache.juli.logging.DirectJDKLog [main] Starting service [Tomcat]
2020-07-18 17:09:23,381 INFO org.apache.juli.logging.DirectJDKLog [main] Starting Servlet engine: [Apache Tomcat/9.0.36]
2020-07-18 17:09:23,515 INFO org.apache.juli.logging.DirectJDKLog [main] Initializing Spring embedded WebApplicationContext
2020-07-18 17:09:23,517 INFO org.springframework.boot.web.servlet.context.ServletWebServerApplicationContext [main] Root WebApplicationContext: initialization completed in 1425 ms
2020-07-18 17:09:24,104 INFO org.springframework.scheduling.concurrent.ExecutorConfigurationSupport [main] Initializing ExecutorService 'applicationTaskExecutor'
2020-07-18 17:09:24,436 INFO org.apache.juli.logging.DirectJDKLog [main] Starting ProtocolHandler ["http-nio-8080"]
2020-07-18 17:09:24,452 WARN org.springframework.context.support.AbstractApplicationContext [main] Exception encountered during context initialization - cancelling refresh attempt: org.springframework.context.ApplicationContextException: Failed to start bean 'webServerStartStop'; nested exception is org.springframework.boot.web.server.PortInUseException: Port 8080 is already in use
2020-07-18 17:09:24,453 INFO org.springframework.scheduling.concurrent.ExecutorConfigurationSupport [main] Shutting down ExecutorService 'applicationTaskExecutor'
2020-07-18 17:09:24,458 INFO org.apache.juli.logging.DirectJDKLog [main] Pausing ProtocolHandler ["http-nio-8080"]
2020-07-18 17:09:24,458 INFO org.apache.juli.logging.DirectJDKLog [main] Stopping service [Tomcat]
2020-07-18 17:09:24,465 INFO org.apache.juli.logging.DirectJDKLog [main] Stopping ProtocolHandler ["http-nio-8080"]
2020-07-18 17:09:24,478 INFO org.apache.juli.logging.DirectJDKLog [main] Destroying ProtocolHandler ["http-nio-8080"]
2020-07-18 17:09:24,500 INFO org.springframework.boot.autoconfigure.logging.ConditionEvaluationReportLoggingListener [main] 

Error starting ApplicationContext. To display the conditions report re-run your application with 'debug' enabled.
2020-07-18 17:09:24,502 ERROR org.springframework.boot.diagnostics.LoggingFailureAnalysisReporter [main] 

***************************
APPLICATION FAILED TO START
***************************

Description:

Web server failed to start. Port 8080 was already in use.

Action:

Identify and stop the process that's listening on port 8080 or configure this application to listen on another port.

2020-07-18 17:09:30,982 INFO org.springframework.scheduling.concurrent.ExecutorConfigurationSupport [SpringContextShutdownHook] Shutting down ExecutorService 'applicationTaskExecutor'
2020-07-18 17:09:54,705 INFO org.springframework.boot.StartupInfoLogger [main] Starting NetflixfinderApplication on MacBook-Pro-van-Sergio.local with PID 45011 (/Users/sergiohellings/code/src/netflixfinder/target/classes started by sergiohellings in /Users/sergiohellings/code/src/netflixfinder)
2020-07-18 17:09:54,708 DEBUG org.springframework.boot.StartupInfoLogger [main] Running with Spring Boot v2.3.1.RELEASE, Spring v5.2.7.RELEASE
2020-07-18 17:09:54,709 INFO org.springframework.boot.SpringApplication [main] No active profile set, falling back to default profiles: default
2020-07-18 17:09:56,866 INFO org.springframework.boot.web.embedded.tomcat.TomcatWebServer [main] Tomcat initialized with port(s): 8080 (http)
2020-07-18 17:09:56,886 INFO org.apache.juli.logging.DirectJDKLog [main] Initializing ProtocolHandler ["http-nio-8080"]
2020-07-18 17:09:56,888 INFO org.apache.juli.logging.DirectJDKLog [main] Starting service [Tomcat]
2020-07-18 17:09:56,889 INFO org.apache.juli.logging.DirectJDKLog [main] Starting Servlet engine: [Apache Tomcat/9.0.36]
2020-07-18 17:09:56,996 INFO org.apache.juli.logging.DirectJDKLog [main] Initializing Spring embedded WebApplicationContext
2020-07-18 17:09:56,997 INFO org.springframework.boot.web.servlet.context.ServletWebServerApplicationContext [main] Root WebApplicationContext: initialization completed in 2194 ms
2020-07-18 17:09:57,592 INFO org.springframework.scheduling.concurrent.ExecutorConfigurationSupport [main] Initializing ExecutorService 'applicationTaskExecutor'
2020-07-18 17:09:57,925 INFO org.apache.juli.logging.DirectJDKLog [main] Starting ProtocolHandler ["http-nio-8080"]
2020-07-18 17:09:57,960 INFO org.springframework.boot.web.embedded.tomcat.TomcatWebServer [main] Tomcat started on port(s): 8080 (http) with context path ''
2020-07-18 17:09:57,973 INFO org.springframework.boot.StartupInfoLogger [main] Started NetflixfinderApplication in 3.968 seconds (JVM running for 4.628)
2020-07-18 17:10:14,273 INFO org.apache.juli.logging.DirectJDKLog [http-nio-8080-exec-1] Initializing Spring DispatcherServlet 'dispatcherServlet'
2020-07-18 17:10:14,275 INFO org.springframework.web.servlet.FrameworkServlet [http-nio-8080-exec-1] Initializing Servlet 'dispatcherServlet'
2020-07-18 17:10:14,288 INFO org.springframework.web.servlet.FrameworkServlet [http-nio-8080-exec-1] Completed initialization in 12 ms
2020-07-18 17:10:14,423 INFO com.sidrhelli.netflixfinder.services.AbstractApiAdapter [http-nio-8080-exec-1] Making request with URL: https://unogs-unogs-v1.p.rapidapi.com/aaapi.cgi?q=get%3Anew7%3Anl&p=1&t=ns&st=adv
2020-07-18 17:11:04,285 INFO org.springframework.scheduling.concurrent.ExecutorConfigurationSupport [SpringContextShutdownHook] Shutting down ExecutorService 'applicationTaskExecutor'
2020-07-18 17:11:06,959 INFO org.springframework.boot.StartupInfoLogger [main] Starting NetflixfinderApplication on MacBook-Pro-van-Sergio.local with PID 45021 (/Users/sergiohellings/code/src/netflixfinder/target/classes started by sergiohellings in /Users/sergiohellings/code/src/netflixfinder)
2020-07-18 17:11:06,962 DEBUG org.springframework.boot.StartupInfoLogger [main] Running with Spring Boot v2.3.1.RELEASE, Spring v5.2.7.RELEASE
2020-07-18 17:11:06,963 INFO org.springframework.boot.SpringApplication [main] No active profile set, falling back to default profiles: default
2020-07-18 17:11:08,297 INFO org.springframework.boot.web.embedded.tomcat.TomcatWebServer [main] Tomcat initialized with port(s): 8080 (http)
2020-07-18 17:11:08,309 INFO org.apache.juli.logging.DirectJDKLog [main] Initializing ProtocolHandler ["http-nio-8080"]
2020-07-18 17:11:08,310 INFO org.apache.juli.logging.DirectJDKLog [main] Starting service [Tomcat]
2020-07-18 17:11:08,310 INFO org.apache.juli.logging.DirectJDKLog [main] Starting Servlet engine: [Apache Tomcat/9.0.36]
2020-07-18 17:11:08,412 INFO org.apache.juli.logging.DirectJDKLog [main] Initializing Spring embedded WebApplicationContext
2020-07-18 17:11:08,413 INFO org.springframework.boot.web.servlet.context.ServletWebServerApplicationContext [main] Root WebApplicationContext: initialization completed in 1362 ms
2020-07-18 17:11:08,949 INFO org.springframework.scheduling.concurrent.ExecutorConfigurationSupport [main] Initializing ExecutorService 'applicationTaskExecutor'
2020-07-18 17:11:09,353 INFO org.apache.juli.logging.DirectJDKLog [main] Starting ProtocolHandler ["http-nio-8080"]
2020-07-18 17:11:09,392 INFO org.springframework.boot.web.embedded.tomcat.TomcatWebServer [main] Tomcat started on port(s): 8080 (http) with context path ''
2020-07-18 17:11:09,419 INFO org.springframework.boot.StartupInfoLogger [main] Started NetflixfinderApplication in 3.205 seconds (JVM running for 3.764)
2020-07-18 17:11:12,112 INFO org.apache.juli.logging.DirectJDKLog [http-nio-8080-exec-1] Initializing Spring DispatcherServlet 'dispatcherServlet'
2020-07-18 17:11:12,113 INFO org.springframework.web.servlet.FrameworkServlet [http-nio-8080-exec-1] Initializing Servlet 'dispatcherServlet'
2020-07-18 17:11:12,124 INFO org.springframework.web.servlet.FrameworkServlet [http-nio-8080-exec-1] Completed initialization in 10 ms
2020-07-18 17:11:12,211 INFO com.sidrhelli.netflixfinder.services.AbstractApiAdapter [http-nio-8080-exec-1] Making request with URL: https://unogs-unogs-v1.p.rapidapi.com/aaapi.cgi?q=get%3Anew7%3Anl&p=1&t=ns&st=adv
2020-07-18 17:12:58,238 INFO org.springframework.scheduling.concurrent.ExecutorConfigurationSupport [SpringContextShutdownHook] Shutting down ExecutorService 'applicationTaskExecutor'
2020-07-18 17:13:23,901 INFO org.springframework.boot.StartupInfoLogger [main] Starting NetflixfinderApplication on MacBook-Pro-van-Sergio.local with PID 45042 (/Users/sergiohellings/code/src/netflixfinder/target/classes started by sergiohellings in /Users/sergiohellings/code/src/netflixfinder)
2020-07-18 17:13:23,904 DEBUG org.springframework.boot.StartupInfoLogger [main] Running with Spring Boot v2.3.1.RELEASE, Spring v5.2.7.RELEASE
2020-07-18 17:13:23,905 INFO org.springframework.boot.SpringApplication [main] No active profile set, falling back to default profiles: default
2020-07-18 17:13:25,253 INFO org.springframework.boot.web.embedded.tomcat.TomcatWebServer [main] Tomcat initialized with port(s): 8080 (http)
2020-07-18 17:13:25,271 INFO org.apache.juli.logging.DirectJDKLog [main] Initializing ProtocolHandler ["http-nio-8080"]
2020-07-18 17:13:25,272 INFO org.apache.juli.logging.DirectJDKLog [main] Starting service [Tomcat]
2020-07-18 17:13:25,273 INFO org.apache.juli.logging.DirectJDKLog [main] Starting Servlet engine: [Apache Tomcat/9.0.36]
2020-07-18 17:13:25,393 INFO org.apache.juli.logging.DirectJDKLog [main] Initializing Spring embedded WebApplicationContext
2020-07-18 17:13:25,394 INFO org.springframework.boot.web.servlet.context.ServletWebServerApplicationContext [main] Root WebApplicationContext: initialization completed in 1413 ms
2020-07-18 17:13:25,908 INFO org.springframework.scheduling.concurrent.ExecutorConfigurationSupport [main] Initializing ExecutorService 'applicationTaskExecutor'
2020-07-18 17:13:26,264 INFO org.apache.juli.logging.DirectJDKLog [main] Starting ProtocolHandler ["http-nio-8080"]
2020-07-18 17:13:26,308 INFO org.springframework.boot.web.embedded.tomcat.TomcatWebServer [main] Tomcat started on port(s): 8080 (http) with context path ''
2020-07-18 17:13:26,324 INFO org.springframework.boot.StartupInfoLogger [main] Started NetflixfinderApplication in 3.278 seconds (JVM running for 3.868)
2020-07-18 17:13:34,875 INFO org.apache.juli.logging.DirectJDKLog [http-nio-8080-exec-1] Initializing Spring DispatcherServlet 'dispatcherServlet'
2020-07-18 17:13:34,876 INFO org.springframework.web.servlet.FrameworkServlet [http-nio-8080-exec-1] Initializing Servlet 'dispatcherServlet'
2020-07-18 17:13:34,884 INFO org.springframework.web.servlet.FrameworkServlet [http-nio-8080-exec-1] Completed initialization in 8 ms
2020-07-18 17:13:34,996 INFO com.sidrhelli.netflixfinder.services.AbstractApiAdapter [http-nio-8080-exec-1] Making request with URL: https://unogs-unogs-v1.p.rapidapi.com/aaapi.cgi?q=get%3Anew7%3Anl&p=1&t=ns&st=adv
2020-07-18 17:14:19,954 INFO org.springframework.scheduling.concurrent.ExecutorConfigurationSupport [SpringContextShutdownHook] Shutting down ExecutorService 'applicationTaskExecutor'
2020-07-18 17:14:22,767 INFO org.springframework.boot.StartupInfoLogger [main] Starting NetflixfinderApplication on MacBook-Pro-van-Sergio.local with PID 45049 (/Users/sergiohellings/code/src/netflixfinder/target/classes started by sergiohellings in /Users/sergiohellings/code/src/netflixfinder)
2020-07-18 17:14:22,770 DEBUG org.springframework.boot.StartupInfoLogger [main] Running with Spring Boot v2.3.1.RELEASE, Spring v5.2.7.RELEASE
2020-07-18 17:14:22,771 INFO org.springframework.boot.SpringApplication [main] No active profile set, falling back to default profiles: default
2020-07-18 17:14:24,237 INFO org.springframework.boot.web.embedded.tomcat.TomcatWebServer [main] Tomcat initialized with port(s): 8080 (http)
2020-07-18 17:14:24,257 INFO org.apache.juli.logging.DirectJDKLog [main] Initializing ProtocolHandler ["http-nio-8080"]
2020-07-18 17:14:24,258 INFO org.apache.juli.logging.DirectJDKLog [main] Starting service [Tomcat]
2020-07-18 17:14:24,259 INFO org.apache.juli.logging.DirectJDKLog [main] Starting Servlet engine: [Apache Tomcat/9.0.36]
2020-07-18 17:14:24,363 INFO org.apache.juli.logging.DirectJDKLog [main] Initializing Spring embedded WebApplicationContext
2020-07-18 17:14:24,363 INFO org.springframework.boot.web.servlet.context.ServletWebServerApplicationContext [main] Root WebApplicationContext: initialization completed in 1520 ms
2020-07-18 17:14:24,918 INFO org.springframework.scheduling.concurrent.ExecutorConfigurationSupport [main] Initializing ExecutorService 'applicationTaskExecutor'
2020-07-18 17:14:25,358 INFO org.apache.juli.logging.DirectJDKLog [main] Starting ProtocolHandler ["http-nio-8080"]
2020-07-18 17:14:25,394 INFO org.springframework.boot.web.embedded.tomcat.TomcatWebServer [main] Tomcat started on port(s): 8080 (http) with context path ''
2020-07-18 17:14:25,423 INFO org.springframework.boot.StartupInfoLogger [main] Started NetflixfinderApplication in 3.374 seconds (JVM running for 3.953)
2020-07-18 17:14:28,806 INFO org.apache.juli.logging.DirectJDKLog [http-nio-8080-exec-1] Initializing Spring DispatcherServlet 'dispatcherServlet'
2020-07-18 17:14:28,807 INFO org.springframework.web.servlet.FrameworkServlet [http-nio-8080-exec-1] Initializing Servlet 'dispatcherServlet'
2020-07-18 17:14:28,821 INFO org.springframework.web.servlet.FrameworkServlet [http-nio-8080-exec-1] Completed initialization in 13 ms
2020-07-18 17:14:28,929 INFO com.sidrhelli.netflixfinder.services.AbstractApiAdapter [http-nio-8080-exec-1] Making request with URL: https://unogs-unogs-v1.p.rapidapi.com/aaapi.cgi?q=get%3Anew7%3Anl&p=1&t=ns&st=adv
2020-07-18 17:15:31,658 INFO org.springframework.scheduling.concurrent.ExecutorConfigurationSupport [SpringContextShutdownHook] Shutting down ExecutorService 'applicationTaskExecutor'
2020-07-18 17:15:35,017 INFO org.springframework.boot.StartupInfoLogger [main] Starting NetflixfinderApplication on MacBook-Pro-van-Sergio.local with PID 45057 (/Users/sergiohellings/code/src/netflixfinder/target/classes started by sergiohellings in /Users/sergiohellings/code/src/netflixfinder)
2020-07-18 17:15:35,021 DEBUG org.springframework.boot.StartupInfoLogger [main] Running with Spring Boot v2.3.1.RELEASE, Spring v5.2.7.RELEASE
2020-07-18 17:15:35,022 INFO org.springframework.boot.SpringApplication [main] No active profile set, falling back to default profiles: default
2020-07-18 17:15:36,428 INFO org.springframework.boot.web.embedded.tomcat.TomcatWebServer [main] Tomcat initialized with port(s): 8080 (http)
2020-07-18 17:15:36,446 INFO org.apache.juli.logging.DirectJDKLog [main] Initializing ProtocolHandler ["http-nio-8080"]
2020-07-18 17:15:36,448 INFO org.apache.juli.logging.DirectJDKLog [main] Starting service [Tomcat]
2020-07-18 17:15:36,449 INFO org.apache.juli.logging.DirectJDKLog [main] Starting Servlet engine: [Apache Tomcat/9.0.36]
2020-07-18 17:15:36,586 INFO org.apache.juli.logging.DirectJDKLog [main] Initializing Spring embedded WebApplicationContext
2020-07-18 17:15:36,586 INFO org.springframework.boot.web.servlet.context.ServletWebServerApplicationContext [main] Root WebApplicationContext: initialization completed in 1488 ms
2020-07-18 17:15:37,112 INFO org.springframework.scheduling.concurrent.ExecutorConfigurationSupport [main] Initializing ExecutorService 'applicationTaskExecutor'
2020-07-18 17:15:37,488 INFO org.apache.juli.logging.DirectJDKLog [main] Starting ProtocolHandler ["http-nio-8080"]
2020-07-18 17:15:37,521 INFO org.springframework.boot.web.embedded.tomcat.TomcatWebServer [main] Tomcat started on port(s): 8080 (http) with context path ''
2020-07-18 17:15:37,536 INFO org.springframework.boot.StartupInfoLogger [main] Started NetflixfinderApplication in 3.222 seconds (JVM running for 3.797)
2020-07-18 17:16:07,501 INFO org.apache.juli.logging.DirectJDKLog [http-nio-8080-exec-1] Initializing Spring DispatcherServlet 'dispatcherServlet'
2020-07-18 17:16:07,502 INFO org.springframework.web.servlet.FrameworkServlet [http-nio-8080-exec-1] Initializing Servlet 'dispatcherServlet'
2020-07-18 17:16:07,513 INFO org.springframework.web.servlet.FrameworkServlet [http-nio-8080-exec-1] Completed initialization in 10 ms
2020-07-18 17:16:07,601 INFO com.sidrhelli.netflixfinder.services.AbstractApiAdapter [http-nio-8080-exec-1] Making request with URL: https://unogs-unogs-v1.p.rapidapi.com/aaapi.cgi?q=get%3Anew7%3Anl&p=1&t=ns&st=adv
2020-07-18 17:16:41,034 INFO org.springframework.scheduling.concurrent.ExecutorConfigurationSupport [SpringContextShutdownHook] Shutting down ExecutorService 'applicationTaskExecutor'
2020-07-18 17:16:43,928 INFO org.springframework.boot.StartupInfoLogger [main] Starting NetflixfinderApplication on MacBook-Pro-van-Sergio.local with PID 45065 (/Users/sergiohellings/code/src/netflixfinder/target/classes started by sergiohellings in /Users/sergiohellings/code/src/netflixfinder)
2020-07-18 17:16:43,931 DEBUG org.springframework.boot.StartupInfoLogger [main] Running with Spring Boot v2.3.1.RELEASE, Spring v5.2.7.RELEASE
2020-07-18 17:16:43,932 INFO org.springframework.boot.SpringApplication [main] No active profile set, falling back to default profiles: default
2020-07-18 17:16:45,270 INFO org.springframework.boot.web.embedded.tomcat.TomcatWebServer [main] Tomcat initialized with port(s): 8080 (http)
2020-07-18 17:16:45,282 INFO org.apache.juli.logging.DirectJDKLog [main] Initializing ProtocolHandler ["http-nio-8080"]
2020-07-18 17:16:45,283 INFO org.apache.juli.logging.DirectJDKLog [main] Starting service [Tomcat]
2020-07-18 17:16:45,284 INFO org.apache.juli.logging.DirectJDKLog [main] Starting Servlet engine: [Apache Tomcat/9.0.36]
2020-07-18 17:16:45,371 INFO org.apache.juli.logging.DirectJDKLog [main] Initializing Spring embedded WebApplicationContext
2020-07-18 17:16:45,371 INFO org.springframework.boot.web.servlet.context.ServletWebServerApplicationContext [main] Root WebApplicationContext: initialization completed in 1352 ms
2020-07-18 17:16:45,880 INFO org.springframework.scheduling.concurrent.ExecutorConfigurationSupport [main] Initializing ExecutorService 'applicationTaskExecutor'
2020-07-18 17:16:46,209 INFO org.apache.juli.logging.DirectJDKLog [main] Starting ProtocolHandler ["http-nio-8080"]
2020-07-18 17:16:46,235 INFO org.springframework.boot.web.embedded.tomcat.TomcatWebServer [main] Tomcat started on port(s): 8080 (http) with context path ''
2020-07-18 17:16:46,248 INFO org.springframework.boot.StartupInfoLogger [main] Started NetflixfinderApplication in 3.122 seconds (JVM running for 3.647)
2020-07-18 17:16:51,409 INFO org.apache.juli.logging.DirectJDKLog [http-nio-8080-exec-1] Initializing Spring DispatcherServlet 'dispatcherServlet'
2020-07-18 17:16:51,409 INFO org.springframework.web.servlet.FrameworkServlet [http-nio-8080-exec-1] Initializing Servlet 'dispatcherServlet'
2020-07-18 17:16:51,419 INFO org.springframework.web.servlet.FrameworkServlet [http-nio-8080-exec-1] Completed initialization in 9 ms
2020-07-18 17:16:51,496 INFO com.sidrhelli.netflixfinder.services.AbstractApiAdapter [http-nio-8080-exec-1] Making request with URL: https://unogs-unogs-v1.p.rapidapi.com/aaapi.cgi?q=get%3Anew7%3Anl&p=1&t=ns&st=adv
2020-07-18 17:17:16,082 INFO org.springframework.scheduling.concurrent.ExecutorConfigurationSupport [SpringContextShutdownHook] Shutting down ExecutorService 'applicationTaskExecutor'
2020-07-18 17:17:22,959 INFO org.springframework.boot.StartupInfoLogger [main] Starting NetflixfinderApplication on MacBook-Pro-van-Sergio.local with PID 45074 (/Users/sergiohellings/code/src/netflixfinder/target/classes started by sergiohellings in /Users/sergiohellings/code/src/netflixfinder)
2020-07-18 17:17:22,967 DEBUG org.springframework.boot.StartupInfoLogger [main] Running with Spring Boot v2.3.1.RELEASE, Spring v5.2.7.RELEASE
2020-07-18 17:17:22,969 INFO org.springframework.boot.SpringApplication [main] No active profile set, falling back to default profiles: default
2020-07-18 17:17:25,360 INFO org.springframework.boot.web.embedded.tomcat.TomcatWebServer [main] Tomcat initialized with port(s): 8080 (http)
2020-07-18 17:17:25,384 INFO org.apache.juli.logging.DirectJDKLog [main] Initializing ProtocolHandler ["http-nio-8080"]
2020-07-18 17:17:25,385 INFO org.apache.juli.logging.DirectJDKLog [main] Starting service [Tomcat]
2020-07-18 17:17:25,386 INFO org.apache.juli.logging.DirectJDKLog [main] Starting Servlet engine: [Apache Tomcat/9.0.36]
2020-07-18 17:17:25,520 INFO org.apache.juli.logging.DirectJDKLog [main] Initializing Spring embedded WebApplicationContext
2020-07-18 17:17:25,520 INFO org.springframework.boot.web.servlet.context.ServletWebServerApplicationContext [main] Root WebApplicationContext: initialization completed in 2431 ms
2020-07-18 17:17:26,134 INFO org.springframework.scheduling.concurrent.ExecutorConfigurationSupport [main] Initializing ExecutorService 'applicationTaskExecutor'
2020-07-18 17:17:26,614 INFO org.apache.juli.logging.DirectJDKLog [main] Starting ProtocolHandler ["http-nio-8080"]
2020-07-18 17:17:26,805 INFO org.springframework.boot.web.embedded.tomcat.TomcatWebServer [main] Tomcat started on port(s): 8080 (http) with context path ''
2020-07-18 17:17:26,830 INFO org.springframework.boot.StartupInfoLogger [main] Started NetflixfinderApplication in 5.026 seconds (JVM running for 6.231)
2020-07-18 17:18:46,506 INFO org.apache.juli.logging.DirectJDKLog [http-nio-8080-exec-1] Initializing Spring DispatcherServlet 'dispatcherServlet'
2020-07-18 17:18:46,510 INFO org.springframework.web.servlet.FrameworkServlet [http-nio-8080-exec-1] Initializing Servlet 'dispatcherServlet'
2020-07-18 17:18:46,532 INFO org.springframework.web.servlet.FrameworkServlet [http-nio-8080-exec-1] Completed initialization in 21 ms
2020-07-18 17:18:46,683 INFO com.sidrhelli.netflixfinder.services.AbstractApiAdapter [http-nio-8080-exec-1] Making request with URL: https://unogs-unogs-v1.p.rapidapi.com/aaapi.cgi?q=get%3Anew7%3Anl&p=1&t=ns&st=adv
2020-07-18 17:20:07,802 INFO com.sidrhelli.netflixfinder.services.AbstractApiAdapter [http-nio-8080-exec-2] Making request with URL: https://unogs-unogs-v1.p.rapidapi.com/aaapi.cgi?q=get%3Anew7%3Anl&p=1&t=ns&st=adv
2020-07-18 17:24:51,515 INFO org.springframework.boot.StartupInfoLogger [main] Starting NetflixfinderApplication on MacBook-Pro-van-Sergio.local with PID 45131 (/Users/sergiohellings/code/src/netflixfinder/target/classes started by sergiohellings in /Users/sergiohellings/code/src/netflixfinder)
2020-07-18 17:24:51,527 DEBUG org.springframework.boot.StartupInfoLogger [main] Running with Spring Boot v2.3.1.RELEASE, Spring v5.2.7.RELEASE
2020-07-18 17:24:51,528 INFO org.springframework.boot.SpringApplication [main] No active profile set, falling back to default profiles: default
2020-07-18 17:24:54,816 INFO org.springframework.boot.web.embedded.tomcat.TomcatWebServer [main] Tomcat initialized with port(s): 8080 (http)
2020-07-18 17:24:54,838 INFO org.apache.juli.logging.DirectJDKLog [main] Initializing ProtocolHandler ["http-nio-8080"]
2020-07-18 17:24:54,840 INFO org.apache.juli.logging.DirectJDKLog [main] Starting service [Tomcat]
2020-07-18 17:24:54,841 INFO org.apache.juli.logging.DirectJDKLog [main] Starting Servlet engine: [Apache Tomcat/9.0.36]
2020-07-18 17:24:54,985 INFO org.apache.juli.logging.DirectJDKLog [main] Initializing Spring embedded WebApplicationContext
2020-07-18 17:24:54,986 INFO org.springframework.boot.web.servlet.context.ServletWebServerApplicationContext [main] Root WebApplicationContext: initialization completed in 3348 ms
2020-07-18 17:24:55,710 INFO org.springframework.scheduling.concurrent.ExecutorConfigurationSupport [main] Initializing ExecutorService 'applicationTaskExecutor'
2020-07-18 17:24:56,182 INFO org.apache.juli.logging.DirectJDKLog [main] Starting ProtocolHandler ["http-nio-8080"]
2020-07-18 17:24:56,511 INFO org.springframework.boot.web.embedded.tomcat.TomcatWebServer [main] Tomcat started on port(s): 8080 (http) with context path ''
2020-07-18 17:24:56,534 INFO org.springframework.boot.StartupInfoLogger [main] Started NetflixfinderApplication in 6.378 seconds (JVM running for 7.713)
2020-07-18 17:24:58,752 INFO org.apache.juli.logging.DirectJDKLog [http-nio-8080-exec-1] Initializing Spring DispatcherServlet 'dispatcherServlet'
2020-07-18 17:24:58,754 INFO org.springframework.web.servlet.FrameworkServlet [http-nio-8080-exec-1] Initializing Servlet 'dispatcherServlet'
2020-07-18 17:24:58,768 INFO org.springframework.web.servlet.FrameworkServlet [http-nio-8080-exec-1] Completed initialization in 13 ms
2020-07-18 17:25:04,709 INFO com.sidrhelli.netflixfinder.services.AbstractApiAdapter [http-nio-8080-exec-1] Making request with URL: https://unogs-unogs-v1.p.rapidapi.com/aaapi.cgi?t=lc&q=available
2020-07-18 17:26:22,878 INFO com.sidrhelli.netflixfinder.services.AbstractApiAdapter [http-nio-8080-exec-3] Making request with URL: https://unogs-unogs-v1.p.rapidapi.com/aaapi.cgi?t=lc&q=available
2020-07-18 17:29:52,087 INFO com.sidrhelli.netflixfinder.services.AbstractApiAdapter [http-nio-8080-exec-6] Making request with URL: https://unogs-unogs-v1.p.rapidapi.com/aaapi.cgi?t=lc&q=available
2020-07-18 17:40:55,695 INFO org.springframework.boot.StartupInfoLogger [main] Starting NetflixfinderApplication on MacBook-Pro-van-Sergio.local with PID 45247 (/Users/sergiohellings/code/src/netflixfinder/target/classes started by sergiohellings in /Users/sergiohellings/code/src/netflixfinder)
2020-07-18 17:40:55,704 DEBUG org.springframework.boot.StartupInfoLogger [main] Running with Spring Boot v2.3.1.RELEASE, Spring v5.2.7.RELEASE
2020-07-18 17:40:55,705 INFO org.springframework.boot.SpringApplication [main] No active profile set, falling back to default profiles: default
2020-07-18 17:40:58,703 INFO org.springframework.boot.web.embedded.tomcat.TomcatWebServer [main] Tomcat initialized with port(s): 8080 (http)
2020-07-18 17:40:58,728 INFO org.apache.juli.logging.DirectJDKLog [main] Initializing ProtocolHandler ["http-nio-8080"]
2020-07-18 17:40:58,730 INFO org.apache.juli.logging.DirectJDKLog [main] Starting service [Tomcat]
2020-07-18 17:40:58,730 INFO org.apache.juli.logging.DirectJDKLog [main] Starting Servlet engine: [Apache Tomcat/9.0.36]
2020-07-18 17:40:58,905 INFO org.apache.juli.logging.DirectJDKLog [main] Initializing Spring embedded WebApplicationContext
2020-07-18 17:40:58,906 INFO org.springframework.boot.web.servlet.context.ServletWebServerApplicationContext [main] Root WebApplicationContext: initialization completed in 3053 ms
2020-07-18 17:40:59,668 INFO org.springframework.scheduling.concurrent.ExecutorConfigurationSupport [main] Initializing ExecutorService 'applicationTaskExecutor'
2020-07-18 17:41:00,147 INFO org.apache.juli.logging.DirectJDKLog [main] Starting ProtocolHandler ["http-nio-8080"]
2020-07-18 17:41:00,337 INFO org.springframework.boot.web.embedded.tomcat.TomcatWebServer [main] Tomcat started on port(s): 8080 (http) with context path ''
2020-07-18 17:41:00,361 INFO org.springframework.boot.StartupInfoLogger [main] Started NetflixfinderApplication in 6.687 seconds (JVM running for 8.276)
2020-07-18 17:41:03,752 INFO org.apache.juli.logging.DirectJDKLog [http-nio-8080-exec-1] Initializing Spring DispatcherServlet 'dispatcherServlet'
2020-07-18 17:41:03,754 INFO org.springframework.web.servlet.FrameworkServlet [http-nio-8080-exec-1] Initializing Servlet 'dispatcherServlet'
2020-07-18 17:41:03,773 INFO org.springframework.web.servlet.FrameworkServlet [http-nio-8080-exec-1] Completed initialization in 17 ms
2020-07-18 17:41:06,908 INFO com.sidrhelli.netflixfinder.services.AbstractApiAdapter [http-nio-8080-exec-1] Making request with URL: https://unogs-unogs-v1.p.rapidapi.com/aaapi.cgi?t=lc&q=available
2020-07-18 17:41:08,718 ERROR com.sidrhelli.netflixfinder.controllers.AllCountriesController [http-nio-8080-exec-1] error while displaying countries
java.lang.ClassCastException: java.lang.String cannot be cast to com.sidrhelli.netflixfinder.dto.CountryDTO
	at com.sidrhelli.netflixfinder.controllers.AllCountriesController.showAllCountries(AllCountriesController.java:24)
	at sun.reflect.NativeMethodAccessorImpl.invoke0(Native Method)
	at sun.reflect.NativeMethodAccessorImpl.invoke(NativeMethodAccessorImpl.java:62)
	at sun.reflect.DelegatingMethodAccessorImpl.invoke(DelegatingMethodAccessorImpl.java:43)
	at java.lang.reflect.Method.invoke(Method.java:498)
	at org.springframework.web.method.support.InvocableHandlerMethod.doInvoke(InvocableHandlerMethod.java:190)
	at org.springframework.web.method.support.InvocableHandlerMethod.invokeForRequest(InvocableHandlerMethod.java:138)
	at org.springframework.web.servlet.mvc.method.annotation.ServletInvocableHandlerMethod.invokeAndHandle(ServletInvocableHandlerMethod.java:105)
	at org.springframework.web.servlet.mvc.method.annotation.RequestMappingHandlerAdapter.invokeHandlerMethod(RequestMappingHandlerAdapter.java:879)
	at org.springframework.web.servlet.mvc.method.annotation.RequestMappingHandlerAdapter.handleInternal(RequestMappingHandlerAdapter.java:793)
	at org.springframework.web.servlet.mvc.method.AbstractHandlerMethodAdapter.handle(AbstractHandlerMethodAdapter.java:87)
	at org.springframework.web.servlet.DispatcherServlet.doDispatch(DispatcherServlet.java:1040)
	at org.springframework.web.servlet.DispatcherServlet.doService(DispatcherServlet.java:943)
	at org.springframework.web.servlet.FrameworkServlet.processRequest(FrameworkServlet.java:1006)
	at org.springframework.web.servlet.FrameworkServlet.doGet(FrameworkServlet.java:898)
	at javax.servlet.http.HttpServlet.service(HttpServlet.java:634)
	at org.springframework.web.servlet.FrameworkServlet.service(FrameworkServlet.java:883)
	at javax.servlet.http.HttpServlet.service(HttpServlet.java:741)
	at org.apache.catalina.core.ApplicationFilterChain.internalDoFilter(ApplicationFilterChain.java:231)
	at org.apache.catalina.core.ApplicationFilterChain.doFilter(ApplicationFilterChain.java:166)
	at org.apache.tomcat.websocket.server.WsFilter.doFilter(WsFilter.java:53)
	at org.apache.catalina.core.ApplicationFilterChain.internalDoFilter(ApplicationFilterChain.java:193)
	at org.apache.catalina.core.ApplicationFilterChain.doFilter(ApplicationFilterChain.java:166)
	at org.springframework.web.filter.RequestContextFilter.doFilterInternal(RequestContextFilter.java:100)
	at org.springframework.web.filter.OncePerRequestFilter.doFilter(OncePerRequestFilter.java:119)
	at org.apache.catalina.core.ApplicationFilterChain.internalDoFilter(ApplicationFilterChain.java:193)
	at org.apache.catalina.core.ApplicationFilterChain.doFilter(ApplicationFilterChain.java:166)
	at org.springframework.web.filter.FormContentFilter.doFilterInternal(FormContentFilter.java:93)
	at org.springframework.web.filter.OncePerRequestFilter.doFilter(OncePerRequestFilter.java:119)
	at org.apache.catalina.core.ApplicationFilterChain.internalDoFilter(ApplicationFilterChain.java:193)
	at org.apache.catalina.core.ApplicationFilterChain.doFilter(ApplicationFilterChain.java:166)
	at org.springframework.web.filter.CharacterEncodingFilter.doFilterInternal(CharacterEncodingFilter.java:201)
	at org.springframework.web.filter.OncePerRequestFilter.doFilter(OncePerRequestFilter.java:119)
	at org.apache.catalina.core.ApplicationFilterChain.internalDoFilter(ApplicationFilterChain.java:193)
	at org.apache.catalina.core.ApplicationFilterChain.doFilter(ApplicationFilterChain.java:166)
	at org.apache.catalina.core.StandardWrapperValve.invoke(StandardWrapperValve.java:202)
	at org.apache.catalina.core.StandardContextValve.invoke(StandardContextValve.java:96)
	at org.apache.catalina.authenticator.AuthenticatorBase.invoke(AuthenticatorBase.java:541)
	at org.apache.catalina.core.StandardHostValve.invoke(StandardHostValve.java:139)
	at org.apache.catalina.valves.ErrorReportValve.invoke(ErrorReportValve.java:92)
	at org.apache.catalina.core.StandardEngineValve.invoke(StandardEngineValve.java:74)
	at org.apache.catalina.connector.CoyoteAdapter.service(CoyoteAdapter.java:343)
	at org.apache.coyote.http11.Http11Processor.service(Http11Processor.java:373)
	at org.apache.coyote.AbstractProcessorLight.process(AbstractProcessorLight.java:65)
	at org.apache.coyote.AbstractProtocol$ConnectionHandler.process(AbstractProtocol.java:868)
	at org.apache.tomcat.util.net.NioEndpoint$SocketProcessor.doRun(NioEndpoint.java:1590)
	at org.apache.tomcat.util.net.SocketProcessorBase.run(SocketProcessorBase.java:49)
	at java.util.concurrent.ThreadPoolExecutor.runWorker(ThreadPoolExecutor.java:1149)
	at java.util.concurrent.ThreadPoolExecutor$Worker.run(ThreadPoolExecutor.java:624)
	at org.apache.tomcat.util.threads.TaskThread$WrappingRunnable.run(TaskThread.java:61)
	at java.lang.Thread.run(Thread.java:748)
2020-07-18 17:48:57,365 INFO org.springframework.boot.StartupInfoLogger [main] Starting NetflixfinderApplication on MacBook-Pro-van-Sergio.local with PID 45309 (/Users/sergiohellings/code/src/netflixfinder/target/classes started by sergiohellings in /Users/sergiohellings/code/src/netflixfinder)
2020-07-18 17:48:57,383 DEBUG org.springframework.boot.StartupInfoLogger [main] Running with Spring Boot v2.3.1.RELEASE, Spring v5.2.7.RELEASE
2020-07-18 17:48:57,384 INFO org.springframework.boot.SpringApplication [main] No active profile set, falling back to default profiles: default
2020-07-18 17:49:00,652 INFO org.springframework.boot.web.embedded.tomcat.TomcatWebServer [main] Tomcat initialized with port(s): 8080 (http)
2020-07-18 17:49:00,673 INFO org.apache.juli.logging.DirectJDKLog [main] Initializing ProtocolHandler ["http-nio-8080"]
2020-07-18 17:49:00,674 INFO org.apache.juli.logging.DirectJDKLog [main] Starting service [Tomcat]
2020-07-18 17:49:00,674 INFO org.apache.juli.logging.DirectJDKLog [main] Starting Servlet engine: [Apache Tomcat/9.0.36]
2020-07-18 17:49:00,868 INFO org.apache.juli.logging.DirectJDKLog [main] Initializing Spring embedded WebApplicationContext
2020-07-18 17:49:00,869 INFO org.springframework.boot.web.servlet.context.ServletWebServerApplicationContext [main] Root WebApplicationContext: initialization completed in 3317 ms
2020-07-18 17:49:01,686 INFO org.springframework.scheduling.concurrent.ExecutorConfigurationSupport [main] Initializing ExecutorService 'applicationTaskExecutor'
2020-07-18 17:49:02,176 INFO org.apache.juli.logging.DirectJDKLog [main] Starting ProtocolHandler ["http-nio-8080"]
2020-07-18 17:49:02,440 INFO org.springframework.boot.web.embedded.tomcat.TomcatWebServer [main] Tomcat started on port(s): 8080 (http) with context path ''
2020-07-18 17:49:02,489 INFO org.springframework.boot.StartupInfoLogger [main] Started NetflixfinderApplication in 6.639 seconds (JVM running for 8.211)
2020-07-18 17:49:05,100 INFO org.apache.juli.logging.DirectJDKLog [http-nio-8080-exec-1] Initializing Spring DispatcherServlet 'dispatcherServlet'
2020-07-18 17:49:05,101 INFO org.springframework.web.servlet.FrameworkServlet [http-nio-8080-exec-1] Initializing Servlet 'dispatcherServlet'
2020-07-18 17:49:05,118 INFO org.springframework.web.servlet.FrameworkServlet [http-nio-8080-exec-1] Completed initialization in 15 ms
2020-07-18 17:49:15,960 INFO com.sidrhelli.netflixfinder.services.AbstractApiAdapter [http-nio-8080-exec-1] Making request with URL: https://unogs-unogs-v1.p.rapidapi.com/aaapi.cgi?t=lc&q=available
2020-07-18 18:00:45,223 ERROR com.sidrhelli.netflixfinder.controllers.AllCountriesController [http-nio-8080-exec-1] error while displaying countries
java.lang.ClassCastException: java.lang.String cannot be cast to com.sidrhelli.netflixfinder.dto.CountryDTO
	at com.sidrhelli.netflixfinder.controllers.AllCountriesController.showAllCountries(AllCountriesController.java:24)
	at sun.reflect.NativeMethodAccessorImpl.invoke0(Native Method)
	at sun.reflect.NativeMethodAccessorImpl.invoke(NativeMethodAccessorImpl.java:62)
	at sun.reflect.DelegatingMethodAccessorImpl.invoke(DelegatingMethodAccessorImpl.java:43)
	at java.lang.reflect.Method.invoke(Method.java:498)
	at org.springframework.web.method.support.InvocableHandlerMethod.doInvoke(InvocableHandlerMethod.java:190)
	at org.springframework.web.method.support.InvocableHandlerMethod.invokeForRequest(InvocableHandlerMethod.java:138)
	at org.springframework.web.servlet.mvc.method.annotation.ServletInvocableHandlerMethod.invokeAndHandle(ServletInvocableHandlerMethod.java:105)
	at org.springframework.web.servlet.mvc.method.annotation.RequestMappingHandlerAdapter.invokeHandlerMethod(RequestMappingHandlerAdapter.java:879)
	at org.springframework.web.servlet.mvc.method.annotation.RequestMappingHandlerAdapter.handleInternal(RequestMappingHandlerAdapter.java:793)
	at org.springframework.web.servlet.mvc.method.AbstractHandlerMethodAdapter.handle(AbstractHandlerMethodAdapter.java:87)
	at org.springframework.web.servlet.DispatcherServlet.doDispatch(DispatcherServlet.java:1040)
	at org.springframework.web.servlet.DispatcherServlet.doService(DispatcherServlet.java:943)
	at org.springframework.web.servlet.FrameworkServlet.processRequest(FrameworkServlet.java:1006)
	at org.springframework.web.servlet.FrameworkServlet.doGet(FrameworkServlet.java:898)
	at javax.servlet.http.HttpServlet.service(HttpServlet.java:634)
	at org.springframework.web.servlet.FrameworkServlet.service(FrameworkServlet.java:883)
	at javax.servlet.http.HttpServlet.service(HttpServlet.java:741)
	at org.apache.catalina.core.ApplicationFilterChain.internalDoFilter(ApplicationFilterChain.java:231)
	at org.apache.catalina.core.ApplicationFilterChain.doFilter(ApplicationFilterChain.java:166)
	at org.apache.tomcat.websocket.server.WsFilter.doFilter(WsFilter.java:53)
	at org.apache.catalina.core.ApplicationFilterChain.internalDoFilter(ApplicationFilterChain.java:193)
	at org.apache.catalina.core.ApplicationFilterChain.doFilter(ApplicationFilterChain.java:166)
	at org.springframework.web.filter.RequestContextFilter.doFilterInternal(RequestContextFilter.java:100)
	at org.springframework.web.filter.OncePerRequestFilter.doFilter(OncePerRequestFilter.java:119)
	at org.apache.catalina.core.ApplicationFilterChain.internalDoFilter(ApplicationFilterChain.java:193)
	at org.apache.catalina.core.ApplicationFilterChain.doFilter(ApplicationFilterChain.java:166)
	at org.springframework.web.filter.FormContentFilter.doFilterInternal(FormContentFilter.java:93)
	at org.springframework.web.filter.OncePerRequestFilter.doFilter(OncePerRequestFilter.java:119)
	at org.apache.catalina.core.ApplicationFilterChain.internalDoFilter(ApplicationFilterChain.java:193)
	at org.apache.catalina.core.ApplicationFilterChain.doFilter(ApplicationFilterChain.java:166)
	at org.springframework.web.filter.CharacterEncodingFilter.doFilterInternal(CharacterEncodingFilter.java:201)
	at org.springframework.web.filter.OncePerRequestFilter.doFilter(OncePerRequestFilter.java:119)
	at org.apache.catalina.core.ApplicationFilterChain.internalDoFilter(ApplicationFilterChain.java:193)
	at org.apache.catalina.core.ApplicationFilterChain.doFilter(ApplicationFilterChain.java:166)
	at org.apache.catalina.core.StandardWrapperValve.invoke(StandardWrapperValve.java:202)
	at org.apache.catalina.core.StandardContextValve.invoke(StandardContextValve.java:96)
	at org.apache.catalina.authenticator.AuthenticatorBase.invoke(AuthenticatorBase.java:541)
	at org.apache.catalina.core.StandardHostValve.invoke(StandardHostValve.java:139)
	at org.apache.catalina.valves.ErrorReportValve.invoke(ErrorReportValve.java:92)
	at org.apache.catalina.core.StandardEngineValve.invoke(StandardEngineValve.java:74)
	at org.apache.catalina.connector.CoyoteAdapter.service(CoyoteAdapter.java:343)
	at org.apache.coyote.http11.Http11Processor.service(Http11Processor.java:373)
	at org.apache.coyote.AbstractProcessorLight.process(AbstractProcessorLight.java:65)
	at org.apache.coyote.AbstractProtocol$ConnectionHandler.process(AbstractProtocol.java:868)
	at org.apache.tomcat.util.net.NioEndpoint$SocketProcessor.doRun(NioEndpoint.java:1590)
	at org.apache.tomcat.util.net.SocketProcessorBase.run(SocketProcessorBase.java:49)
	at java.util.concurrent.ThreadPoolExecutor.runWorker(ThreadPoolExecutor.java:1149)
	at java.util.concurrent.ThreadPoolExecutor$Worker.run(ThreadPoolExecutor.java:624)
	at org.apache.tomcat.util.threads.TaskThread$WrappingRunnable.run(TaskThread.java:61)
	at java.lang.Thread.run(Thread.java:748)
2020-07-18 18:08:01,148 INFO org.springframework.boot.StartupInfoLogger [main] Starting NetflixfinderApplication on MacBook-Pro-van-Sergio.local with PID 45473 (/Users/sergiohellings/code/src/netflixfinder/target/classes started by sergiohellings in /Users/sergiohellings/code/src/netflixfinder)
2020-07-18 18:08:01,156 DEBUG org.springframework.boot.StartupInfoLogger [main] Running with Spring Boot v2.3.1.RELEASE, Spring v5.2.7.RELEASE
2020-07-18 18:08:01,157 INFO org.springframework.boot.SpringApplication [main] No active profile set, falling back to default profiles: default
2020-07-18 18:08:04,075 INFO org.springframework.boot.web.embedded.tomcat.TomcatWebServer [main] Tomcat initialized with port(s): 8080 (http)
2020-07-18 18:08:04,104 INFO org.apache.juli.logging.DirectJDKLog [main] Initializing ProtocolHandler ["http-nio-8080"]
2020-07-18 18:08:04,105 INFO org.apache.juli.logging.DirectJDKLog [main] Starting service [Tomcat]
2020-07-18 18:08:04,106 INFO org.apache.juli.logging.DirectJDKLog [main] Starting Servlet engine: [Apache Tomcat/9.0.36]
2020-07-18 18:08:04,257 INFO org.apache.juli.logging.DirectJDKLog [main] Initializing Spring embedded WebApplicationContext
2020-07-18 18:08:04,257 INFO org.springframework.boot.web.servlet.context.ServletWebServerApplicationContext [main] Root WebApplicationContext: initialization completed in 2992 ms
2020-07-18 18:08:05,429 INFO org.springframework.scheduling.concurrent.ExecutorConfigurationSupport [main] Initializing ExecutorService 'applicationTaskExecutor'
2020-07-18 18:08:06,430 INFO org.apache.juli.logging.DirectJDKLog [main] Starting ProtocolHandler ["http-nio-8080"]
2020-07-18 18:08:06,652 INFO org.springframework.boot.web.embedded.tomcat.TomcatWebServer [main] Tomcat started on port(s): 8080 (http) with context path ''
2020-07-18 18:08:06,699 INFO org.springframework.boot.StartupInfoLogger [main] Started NetflixfinderApplication in 6.842 seconds (JVM running for 8.126)
2020-07-18 18:08:14,630 INFO org.apache.juli.logging.DirectJDKLog [http-nio-8080-exec-1] Initializing Spring DispatcherServlet 'dispatcherServlet'
2020-07-18 18:08:14,630 INFO org.springframework.web.servlet.FrameworkServlet [http-nio-8080-exec-1] Initializing Servlet 'dispatcherServlet'
2020-07-18 18:08:14,650 INFO org.springframework.web.servlet.FrameworkServlet [http-nio-8080-exec-1] Completed initialization in 19 ms
2020-07-18 18:08:22,936 INFO com.sidrhelli.netflixfinder.services.AbstractApiAdapter [http-nio-8080-exec-1] Making request with URL: https://unogs-unogs-v1.p.rapidapi.com/aaapi.cgi?t=lc&q=available
2020-07-18 18:10:12,719 ERROR com.sidrhelli.netflixfinder.controllers.AllCountriesController [http-nio-8080-exec-1] error while displaying countries
com.google.gson.JsonSyntaxException: java.lang.IllegalStateException: Expected BEGIN_OBJECT but was STRING at line 1 column 26 path $.ITEMS[0][0]
	at com.google.gson.internal.bind.ReflectiveTypeAdapterFactory$Adapter.read(ReflectiveTypeAdapterFactory.java:226)
	at com.google.gson.internal.bind.TypeAdapterRuntimeTypeWrapper.read(TypeAdapterRuntimeTypeWrapper.java:41)
	at com.google.gson.internal.bind.CollectionTypeAdapterFactory$Adapter.read(CollectionTypeAdapterFactory.java:82)
	at com.google.gson.internal.bind.CollectionTypeAdapterFactory$Adapter.read(CollectionTypeAdapterFactory.java:61)
	at com.google.gson.internal.bind.TypeAdapterRuntimeTypeWrapper.read(TypeAdapterRuntimeTypeWrapper.java:41)
	at com.google.gson.internal.bind.CollectionTypeAdapterFactory$Adapter.read(CollectionTypeAdapterFactory.java:82)
	at com.google.gson.internal.bind.CollectionTypeAdapterFactory$Adapter.read(CollectionTypeAdapterFactory.java:61)
	at com.google.gson.internal.bind.ReflectiveTypeAdapterFactory$1.read(ReflectiveTypeAdapterFactory.java:131)
	at com.google.gson.internal.bind.ReflectiveTypeAdapterFactory$Adapter.read(ReflectiveTypeAdapterFactory.java:222)
	at com.google.gson.Gson.fromJson(Gson.java:932)
	at com.google.gson.Gson.fromJson(Gson.java:897)
	at com.google.gson.Gson.fromJson(Gson.java:846)
	at com.google.gson.Gson.fromJson(Gson.java:817)
	at com.sidrhelli.netflixfinder.services.ApiAdapterImpl.getAllCountries(ApiAdapterImpl.java:36)
	at com.sidrhelli.netflixfinder.controllers.AllCountriesController.showAllCountries(AllCountriesController.java:23)
	at sun.reflect.NativeMethodAccessorImpl.invoke0(Native Method)
	at sun.reflect.NativeMethodAccessorImpl.invoke(NativeMethodAccessorImpl.java:62)
	at sun.reflect.DelegatingMethodAccessorImpl.invoke(DelegatingMethodAccessorImpl.java:43)
	at java.lang.reflect.Method.invoke(Method.java:498)
	at org.springframework.web.method.support.InvocableHandlerMethod.doInvoke(InvocableHandlerMethod.java:190)
	at org.springframework.web.method.support.InvocableHandlerMethod.invokeForRequest(InvocableHandlerMethod.java:138)
	at org.springframework.web.servlet.mvc.method.annotation.ServletInvocableHandlerMethod.invokeAndHandle(ServletInvocableHandlerMethod.java:105)
	at org.springframework.web.servlet.mvc.method.annotation.RequestMappingHandlerAdapter.invokeHandlerMethod(RequestMappingHandlerAdapter.java:879)
	at org.springframework.web.servlet.mvc.method.annotation.RequestMappingHandlerAdapter.handleInternal(RequestMappingHandlerAdapter.java:793)
	at org.springframework.web.servlet.mvc.method.AbstractHandlerMethodAdapter.handle(AbstractHandlerMethodAdapter.java:87)
	at org.springframework.web.servlet.DispatcherServlet.doDispatch(DispatcherServlet.java:1040)
	at org.springframework.web.servlet.DispatcherServlet.doService(DispatcherServlet.java:943)
	at org.springframework.web.servlet.FrameworkServlet.processRequest(FrameworkServlet.java:1006)
	at org.springframework.web.servlet.FrameworkServlet.doGet(FrameworkServlet.java:898)
	at javax.servlet.http.HttpServlet.service(HttpServlet.java:634)
	at org.springframework.web.servlet.FrameworkServlet.service(FrameworkServlet.java:883)
	at javax.servlet.http.HttpServlet.service(HttpServlet.java:741)
	at org.apache.catalina.core.ApplicationFilterChain.internalDoFilter(ApplicationFilterChain.java:231)
	at org.apache.catalina.core.ApplicationFilterChain.doFilter(ApplicationFilterChain.java:166)
	at org.apache.tomcat.websocket.server.WsFilter.doFilter(WsFilter.java:53)
	at org.apache.catalina.core.ApplicationFilterChain.internalDoFilter(ApplicationFilterChain.java:193)
	at org.apache.catalina.core.ApplicationFilterChain.doFilter(ApplicationFilterChain.java:166)
	at org.springframework.web.filter.RequestContextFilter.doFilterInternal(RequestContextFilter.java:100)
	at org.springframework.web.filter.OncePerRequestFilter.doFilter(OncePerRequestFilter.java:119)
	at org.apache.catalina.core.ApplicationFilterChain.internalDoFilter(ApplicationFilterChain.java:193)
	at org.apache.catalina.core.ApplicationFilterChain.doFilter(ApplicationFilterChain.java:166)
	at org.springframework.web.filter.FormContentFilter.doFilterInternal(FormContentFilter.java:93)
	at org.springframework.web.filter.OncePerRequestFilter.doFilter(OncePerRequestFilter.java:119)
	at org.apache.catalina.core.ApplicationFilterChain.internalDoFilter(ApplicationFilterChain.java:193)
	at org.apache.catalina.core.ApplicationFilterChain.doFilter(ApplicationFilterChain.java:166)
	at org.springframework.web.filter.CharacterEncodingFilter.doFilterInternal(CharacterEncodingFilter.java:201)
	at org.springframework.web.filter.OncePerRequestFilter.doFilter(OncePerRequestFilter.java:119)
	at org.apache.catalina.core.ApplicationFilterChain.internalDoFilter(ApplicationFilterChain.java:193)
	at org.apache.catalina.core.ApplicationFilterChain.doFilter(ApplicationFilterChain.java:166)
	at org.apache.catalina.core.StandardWrapperValve.invoke(StandardWrapperValve.java:202)
	at org.apache.catalina.core.StandardContextValve.invoke(StandardContextValve.java:96)
	at org.apache.catalina.authenticator.AuthenticatorBase.invoke(AuthenticatorBase.java:541)
	at org.apache.catalina.core.StandardHostValve.invoke(StandardHostValve.java:139)
	at org.apache.catalina.valves.ErrorReportValve.invoke(ErrorReportValve.java:92)
	at org.apache.catalina.core.StandardEngineValve.invoke(StandardEngineValve.java:74)
	at org.apache.catalina.connector.CoyoteAdapter.service(CoyoteAdapter.java:343)
	at org.apache.coyote.http11.Http11Processor.service(Http11Processor.java:373)
	at org.apache.coyote.AbstractProcessorLight.process(AbstractProcessorLight.java:65)
	at org.apache.coyote.AbstractProtocol$ConnectionHandler.process(AbstractProtocol.java:868)
	at org.apache.tomcat.util.net.NioEndpoint$SocketProcessor.doRun(NioEndpoint.java:1590)
	at org.apache.tomcat.util.net.SocketProcessorBase.run(SocketProcessorBase.java:49)
	at java.util.concurrent.ThreadPoolExecutor.runWorker(ThreadPoolExecutor.java:1149)
	at java.util.concurrent.ThreadPoolExecutor$Worker.run(ThreadPoolExecutor.java:624)
	at org.apache.tomcat.util.threads.TaskThread$WrappingRunnable.run(TaskThread.java:61)
	at java.lang.Thread.run(Thread.java:748)
Caused by: java.lang.IllegalStateException: Expected BEGIN_OBJECT but was STRING at line 1 column 26 path $.ITEMS[0][0]
	at com.google.gson.stream.JsonReader.beginObject(JsonReader.java:386)
	at com.google.gson.internal.bind.ReflectiveTypeAdapterFactory$Adapter.read(ReflectiveTypeAdapterFactory.java:215)
	... 64 common frames omitted
2020-07-18 18:10:20,658 INFO com.sidrhelli.netflixfinder.services.AbstractApiAdapter [http-nio-8080-exec-3] Making request with URL: https://unogs-unogs-v1.p.rapidapi.com/aaapi.cgi?t=lc&q=available
